2025-11-07 06:56:56, MOVE, v:1, k:poo@array, mode:PICK
2025-11-07 06:56:56, EXEC, v:1, k:poo@array, mode:LOCK, rate:0, size:47
2025-11-07 06:58:04, EXEC, v:1, k:poo@array, mode:LOCK, rate:0, size:46
2025-11-07 06:58:10, EXEC, v:1, k:poo@array, mode:LOCK, rate:0, size:46
2025-11-07 06:58:21, EXEC, v:1, k:poo@array, mode:LOCK, rate:0, size:46
2025-11-07 06:58:49, EXEC, v:1, k:poo@array, mode:LOCK, rate:0, size:48
2025-11-07 06:58:51, EXEC, v:1, k:poo@array, mode:LOCK, rate:0
2025-11-07 07:02:15, EXEC, v:1, k:poo@array, mode:LOCK, rate:0, size:48
2025-11-07 07:02:15, EXEC, v:1, k:poo@array, mode:LOCK, rate:0, size:48
2025-11-07 07:02:29, EXEC, v:1, k:poo@array, mode:LOCK, rate:0, size:48
2025-11-07 07:02:34, EXEC, v:1, k:poo@array, mode:LOCK, rate:0, size:48
2025-11-07 07:02:40, EXEC, v:1, k:poo@array, mode:LOCK, rate:0
2025-11-07 07:02:40, EXEC, v:1, k:poo@array, mode:LOCK, rate:0
2025-11-07 07:03:21, EXEC, v:1, k:poo@array, mode:LOCK, rate:0, size:48
2025-11-07 07:03:21, EXEC, v:1, k:poo@array, mode:LOCK, rate:0, size:48
2025-11-07 07:05:00, EXEC, v:1, k:poo@array, mode:LOCK, rate:0, size:48
2025-11-07 07:06:49, EXEC, v:1, k:poo@array, mode:LOCK, rate:0, size:49
2025-11-07 07:08:30, EXEC, v:1, k:poo@array, mode:LOCK, rate:0, size:51
2025-11-07 07:09:12, EXEC, v:1, k:poo@array, mode:LOCK, rate:0, size:54
2025-11-07 07:09:31, EXEC, v:1, k:poo@array, mode:LOCK, rate:0, size:54
2025-11-07 07:09:35, EXEC, v:1, k:poo@array, mode:LOCK, rate:0, size:54
2025-11-07 07:11:53, EXEC, v:1, k:poo@array, mode:LOCK, rate:0, size:55
2025-11-07 07:11:54, EXEC, v:1, k:poo@array, mode:LOCK, rate:0, size:55
2025-11-07 07:12:10, EXEC, v:1, k:poo@array, mode:LOCK, rate:0
2025-11-07 07:12:11, EXEC, v:1, k:poo@array, mode:LOCK, rate:0, size:55
2025-11-07 07:12:15, EXEC, v:1, k:poo@array, mode:LOCK, rate:0
2025-11-07 07:12:17, EXEC, v:1, k:poo@array, mode:LOCK, rate:0
2025-11-07 07:12:18, EXEC, v:1, k:poo@array, mode:LOCK, rate:0
2025-11-07 07:12:18, EXEC, v:1, k:poo@array, mode:LOCK, rate:0
2025-11-07 07:12:19, EXEC, v:1, k:poo@array, mode:LOCK, rate:0
2025-11-07 07:12:39, EXEC, v:1, k:poo@array, mode:LOCK, rate:0, size:55
2025-11-07 07:12:54, EXEC, v:1, k:poo@array, mode:LOCK, rate:0
2025-11-07 07:13:20, EXEC, v:1, k:poo@array, mode:LOCK, rate:0
2025-11-07 07:24:37, EXEC, v:1, k:poo@array, mode:LOCK, rate:0, size:67
2025-11-07 07:24:38, EXEC, v:1, k:poo@array, mode:LOCK, rate:0, size:67
2025-11-07 07:24:50, EXEC, v:1, k:poo@array, mode:LOCK, rate:0, size:67
2025-11-07 07:24:50, EXEC, v:1, k:poo@array, mode:LOCK, rate:0, size:67
2025-11-07 07:25:00, EXEC, v:1, k:poo@array, mode:LOCK, rate:0, size:67
2025-11-07 07:25:01, EXEC, v:1, k:poo@array, mode:LOCK, rate:0, size:67
2025-11-07 07:25:40, EXEC, v:1, k:poo@array, mode:LOCK, rate:0, size:69
2025-11-07 07:25:41, EXEC, v:1, k:poo@array, mode:LOCK, rate:0
2025-11-07 07:25:50, EXEC, v:1, k:poo@array, mode:LOCK, rate:0
2025-11-07 07:26:03, EXEC, v:1, k:poo@array, mode:LOCK, rate:0, size:69
2025-11-07 07:26:03, EXEC, v:1, k:poo@array, mode:LOCK, rate:0, size:69
2025-11-07 07:27:40, EXEC, v:1, k:poo@array, mode:LOCK, rate:0, size:69
2025-11-07 07:27:40, EXEC, v:1, k:poo@array, mode:LOCK, rate:0, size:69
2025-11-07 07:27:45, EXEC, v:1, k:poo@array, mode:LOCK, rate:0, size:69
2025-11-07 07:28:29, EXEC, v:1, k:poo@array, mode:LOCK, rate:0, size:66
2025-11-07 07:32:03, EXEC, v:1, k:poo@array, mode:LOCK, rate:0, size:68
2025-11-07 07:33:28, MOVE, v:1, k:poo@array, mode:BACK
2025-11-07 07:34:10, SELF, v:1, k:poo@array, rate:100, alone:10, study:90
2025-11-07 07:34:12, MOVE, v:1, k:poo@budega, mode:PICK
2025-11-07 07:34:13, EXEC, v:1, k:poo@budega, mode:FULL, rate:0, size:0
2025-11-07 07:34:25, MOVE, v:1, k:poo@budega, mode:BACK
2025-11-07 07:48:48, MOVE, v:1, k:poo@budega, mode:PICK
2025-11-07 07:48:49, EXEC, v:1, k:poo@budega, mode:FULL, rate:0, size:14
