2025-11-15 07:19:07, MOVE, v:1, k:poo@budega, mode:PICK
2025-11-15 07:19:08, EXEC, v:1, k:poo@budega, mode:FULL, rate:10, size:53
2025-11-15 07:19:11, EXEC, v:1, k:poo@budega, mode:FULL, rate:10
2025-11-15 07:19:44, EXEC, v:1, k:poo@budega, mode:FULL, rate:10, size:53
2025-11-15 07:19:56, EXEC, v:1, k:poo@budega, mode:FULL, rate:10, size:53
2025-11-15 07:20:03, EXEC, v:1, k:poo@budega, mode:FULL, rate:10, size:53
2025-11-15 07:20:51, EXEC, v:1, k:poo@budega, mode:FULL, rate:0, size:54
2025-11-15 07:21:08, EXEC, v:1, k:poo@budega, mode:FULL, rate:0, size:53
2025-11-15 07:21:09, EXEC, v:1, k:poo@budega, mode:FULL, rate:10, size:53
2025-11-15 07:21:38, EXEC, v:1, k:poo@budega, mode:FULL, rate:0, size:53
2025-11-15 07:22:05, EXEC, v:1, k:poo@budega, mode:FULL, rate:10, size:53
2025-11-15 07:23:40, EXEC, v:1, k:poo@budega, mode:FULL, rate:0, size:54
2025-11-15 07:24:28, EXEC, v:1, k:poo@budega, mode:FULL, rate:10, size:54
2025-11-15 07:24:35, EXEC, v:1, k:poo@budega, mode:FULL, rate:30, size:54
2025-11-15 07:25:02, EXEC, v:1, k:poo@budega, mode:FULL, rate:30, size:54
2025-11-15 07:25:59, EXEC, v:1, k:poo@budega, mode:FULL, rate:0, size:54
2025-11-15 07:26:00, EXEC, v:1, k:poo@budega, mode:FULL, rate:0
2025-11-15 07:26:04, EXEC, v:1, k:poo@budega, mode:FULL, rate:30, size:54
2025-11-15 07:26:13, EXEC, v:1, k:poo@budega, mode:FULL, rate:0, size:54
2025-11-15 07:26:14, EXEC, v:1, k:poo@budega, mode:FULL, rate:0, size:54
2025-11-15 07:26:15, EXEC, v:1, k:poo@budega, mode:FULL, rate:0
2025-11-15 07:26:22, EXEC, v:1, k:poo@budega, mode:FULL, rate:30, size:54
2025-11-15 07:27:59, EXEC, v:1, k:poo@budega, mode:FULL, rate:30, size:54
2025-11-15 07:30:42, EXEC, v:1, k:poo@budega, mode:FULL, rate:30, size:57
2025-11-15 07:30:47, EXEC, v:1, k:poo@budega, mode:FULL, rate:30
2025-11-15 07:32:18, EXEC, v:1, k:poo@budega, mode:FULL, rate:30, size:56
2025-11-15 07:32:30, EXEC, v:1, k:poo@budega, mode:FULL, rate:0, size:56
2025-11-15 07:32:31, EXEC, v:1, k:poo@budega, mode:FULL, rate:30, size:56
2025-11-15 07:32:34, EXEC, v:1, k:poo@budega, mode:FULL, rate:30
2025-11-15 07:32:53, EXEC, v:1, k:poo@budega, mode:FULL, rate:30, size:56
2025-11-15 07:33:05, EXEC, v:1, k:poo@budega, mode:FULL, rate:30
2025-11-15 07:34:05, EXEC, v:1, k:poo@budega, mode:FULL, rate:20, size:56
2025-11-15 07:34:06, EXEC, v:1, k:poo@budega, mode:FULL, rate:20
2025-11-15 07:34:11, EXEC, v:1, k:poo@budega, mode:FULL, rate:20, size:56
2025-11-15 07:34:17, EXEC, v:1, k:poo@budega, mode:FULL, rate:30, size:56
2025-11-15 07:34:41, EXEC, v:1, k:poo@budega, mode:FULL, rate:0, size:56
2025-11-15 07:35:18, EXEC, v:1, k:poo@budega, mode:FULL, rate:30, size:55
2025-11-15 07:37:57, EXEC, v:1, k:poo@budega, mode:FULL, rate:0, size:56
2025-11-15 07:37:57, EXEC, v:1, k:poo@budega, mode:FULL, rate:0, size:56
2025-11-15 07:38:12, EXEC, v:1, k:poo@budega, mode:FULL, rate:0, size:56
2025-11-15 07:38:12, EXEC, v:1, k:poo@budega, mode:FULL, rate:0
2025-11-15 07:38:51, EXEC, v:1, k:poo@budega, mode:FULL, rate:30, size:55
2025-11-15 07:39:18, EXEC, v:1, k:poo@budega, mode:FULL, rate:0, size:55
2025-11-15 07:39:19, EXEC, v:1, k:poo@budega, mode:FULL, rate:0, size:55
2025-11-15 07:39:20, EXEC, v:1, k:poo@budega, mode:FULL, rate:0
2025-11-15 07:39:25, EXEC, v:1, k:poo@budega, mode:FULL, rate:0
2025-11-15 07:39:25, EXEC, v:1, k:poo@budega, mode:FULL, rate:30, size:55
2025-11-15 07:41:52, EXEC, v:1, k:poo@budega, mode:FULL, rate:0, size:55
2025-11-15 07:41:52, EXEC, v:1, k:poo@budega, mode:FULL, rate:0, size:55
2025-11-15 07:42:04, EXEC, v:1, k:poo@budega, mode:FULL, rate:10, size:55
2025-11-15 07:42:58, EXEC, v:1, k:poo@budega, mode:FULL, rate:10, size:55
2025-11-15 07:43:28, EXEC, v:1, k:poo@budega, mode:FULL, rate:0, size:55
2025-11-15 07:43:28, EXEC, v:1, k:poo@budega, mode:FULL, rate:10, size:55
2025-11-15 07:44:13, EXEC, v:1, k:poo@budega, mode:FULL, rate:0, size:55
2025-11-15 07:44:34, EXEC, v:1, k:poo@budega, mode:FULL, rate:0
2025-11-15 07:44:44, EXEC, v:1, k:poo@budega, mode:FULL, rate:0, size:55
2025-11-15 07:44:45, EXEC, v:1, k:poo@budega, mode:FULL, rate:0
2025-11-15 07:44:56, EXEC, v:1, k:poo@budega, mode:FULL, rate:0, size:55
2025-11-15 07:45:02, EXEC, v:1, k:poo@budega, mode:FULL, rate:10
2025-11-15 07:46:07, EXEC, v:1, k:poo@budega, mode:FULL, rate:10, size:55
2025-11-15 07:47:18, EXEC, v:1, k:poo@budega, mode:FULL, rate:0, size:55
2025-11-15 07:47:27, EXEC, v:1, k:poo@budega, mode:FULL, rate:10, size:55
2025-11-15 07:48:44, EXEC, v:1, k:poo@budega, mode:FULL, rate:0, size:57
2025-11-15 07:49:03, EXEC, v:1, k:poo@budega, mode:FULL, rate:0, size:57
2025-11-15 07:50:02, EXEC, v:1, k:poo@budega, mode:FULL, rate:0, size:57
2025-11-15 07:50:17, EXEC, v:1, k:poo@budega, mode:FULL, rate:0, size:57
2025-11-15 07:50:18, EXEC, v:1, k:poo@budega, mode:FULL, rate:0
2025-11-15 07:50:19, EXEC, v:1, k:poo@budega, mode:FULL, rate:0
2025-11-15 07:50:24, EXEC, v:1, k:poo@budega, mode:FULL, rate:0
2025-11-15 07:50:24, EXEC, v:1, k:poo@budega, mode:FULL, rate:10, size:57
2025-11-15 07:55:01, EXEC, v:1, k:poo@budega, mode:FULL, rate:0, size:56
2025-11-15 07:56:04, EXEC, v:1, k:poo@budega, mode:FULL, rate:30, size:56
2025-11-15 08:03:04, EXEC, v:1, k:poo@budega, mode:FULL, rate:0, size:57
2025-11-15 08:03:22, EXEC, v:1, k:poo@budega, mode:FULL, rate:30, size:57
2025-11-15 08:05:38, EXEC, v:1, k:poo@budega, mode:FULL, rate:30, size:58
2025-11-15 08:05:51, EXEC, v:1, k:poo@budega, mode:FULL, rate:30, size:59
2025-11-15 08:06:29, EXEC, v:1, k:poo@budega, mode:FULL, rate:30, size:59
2025-11-15 08:06:54, EXEC, v:1, k:poo@budega, mode:FULL, rate:0, size:60
2025-11-15 08:06:55, EXEC, v:1, k:poo@budega, mode:FULL, rate:30, size:60
2025-11-15 08:09:00, EXEC, v:1, k:poo@budega, mode:FULL, rate:30, size:59
2025-11-15 08:09:06, EXEC, v:1, k:poo@budega, mode:FULL, rate:30, size:59
2025-11-15 08:09:15, EXEC, v:1, k:poo@budega, mode:FULL, rate:40, size:59
2025-11-15 08:09:48, EXEC, v:1, k:poo@budega, mode:FREE
2025-11-15 08:11:03, EXEC, v:1, k:poo@budega, mode:FULL, rate:40, size:60
2025-11-15 08:13:14, EXEC, v:1, k:poo@budega, mode:FREE, size:66
2025-11-15 08:14:43, EXEC, v:1, k:poo@budega, mode:FREE, size:64
2025-11-15 08:16:10, EXEC, v:1, k:poo@budega, mode:FULL, rate:30, size:64
2025-11-15 08:16:28, EXEC, v:1, k:poo@budega, mode:FULL, rate:40, size:62
2025-11-15 08:16:40, EXEC, v:1, k:poo@budega, mode:FREE
2025-11-15 08:17:04, EXEC, v:1, k:poo@budega, mode:FULL, rate:40, size:60
2025-11-15 08:18:19, EXEC, v:1, k:poo@budega, mode:FULL, rate:40, size:62
2025-11-15 08:19:18, EXEC, v:1, k:poo@budega, mode:FULL, rate:30, size:65
2025-11-15 08:19:24, EXEC, v:1, k:poo@budega, mode:FULL, rate:30
2025-11-15 08:21:25, EXEC, v:1, k:poo@budega, mode:FULL, rate:0, size:65
2025-11-15 08:21:25, EXEC, v:1, k:poo@budega, mode:FULL, rate:0, size:65
2025-11-15 08:22:20, EXEC, v:1, k:poo@budega, mode:FULL, rate:30, size:65
2025-11-15 08:22:33, EXEC, v:1, k:poo@budega, mode:FULL, rate:60, size:65
2025-11-15 08:22:38, EXEC, v:1, k:poo@budega, mode:FREE
2025-11-15 08:24:42, EXEC, v:1, k:poo@budega, mode:FULL, rate:60
2025-11-15 08:25:07, EXEC, v:1, k:poo@budega, mode:FULL, rate:50, size:65
2025-11-15 08:26:36, EXEC, v:1, k:poo@budega, mode:FULL, rate:60, size:68
2025-11-15 08:26:45, EXEC, v:1, k:poo@budega, mode:FULL, rate:70, size:68
2025-11-15 08:27:09, EXEC, v:1, k:poo@budega, mode:FULL, rate:30, size:67
2025-11-15 08:28:33, EXEC, v:1, k:poo@budega, mode:FULL, rate:20, size:68
2025-11-15 08:28:46, EXEC, v:1, k:poo@budega, mode:FULL, rate:70, size:68
2025-11-15 08:29:02, EXEC, v:1, k:poo@budega, mode:FULL, rate:60, size:68
2025-11-15 08:30:06, EXEC, v:1, k:poo@budega, mode:FULL, rate:70, size:67
2025-11-15 08:30:35, EXEC, v:1, k:poo@budega, mode:FULL, rate:70
2025-11-15 08:31:35, EXEC, v:1, k:poo@budega, mode:FULL, rate:70, size:68
2025-11-15 08:31:57, EXEC, v:1, k:poo@budega, mode:FULL, rate:30, size:69
2025-11-15 08:32:08, EXEC, v:1, k:poo@budega, mode:FULL, rate:30, size:68
2025-11-15 08:32:18, EXEC, v:1, k:poo@budega, mode:FULL, rate:70, size:67
2025-11-15 08:32:37, EXEC, v:1, k:poo@budega, mode:FULL, rate:90, size:69
2025-11-15 08:35:01, EXEC, v:1, k:poo@budega, mode:FULL, rate:70, size:72
2025-11-15 08:36:22, EXEC, v:1, k:poo@budega, mode:FULL, rate:90, size:72
2025-11-15 08:36:31, EXEC, v:1, k:poo@budega, mode:FULL, rate:90, size:72
2025-11-15 08:37:25, EXEC, v:1, k:poo@budega, mode:FULL, rate:30, size:74
2025-11-15 08:37:35, EXEC, v:1, k:poo@budega, mode:FULL, rate:90, size:74
2025-11-15 08:38:33, EXEC, v:1, k:poo@budega, mode:FULL, rate:90, size:75
2025-11-15 08:38:37, EXEC, v:1, k:poo@budega, mode:FULL, rate:90
2025-11-15 08:38:53, EXEC, v:1, k:poo@budega, mode:FULL, rate:90, size:73
2025-11-15 08:40:31, EXEC, v:1, k:poo@budega, mode:FULL, rate:100, size:76
2025-11-15 08:41:06, EXEC, v:1, k:poo@budega, mode:FULL, rate:70, size:75
2025-11-15 08:41:14, EXEC, v:1, k:poo@budega, mode:FULL, rate:70
2025-11-15 08:41:27, EXEC, v:1, k:poo@budega, mode:FULL, rate:90, size:76
2025-11-15 08:41:30, MOVE, v:1, k:poo@budega, mode:BACK
2025-11-15 08:41:31, MOVE, v:1, k:poo@budega, mode:PICK
2025-11-15 08:41:32, EXEC, v:1, k:poo@budega, mode:FULL, rate:90
2025-11-15 08:41:38, EXEC, v:1, k:poo@budega, mode:FULL, rate:100, size:76
2025-11-15 08:41:39, MOVE, v:1, k:poo@budega, mode:BACK
2025-11-15 08:42:56, SELF, v:1, k:poo@budega, rate:100, human:monitor, guide:video_resposta, alone:5, study:100
2025-11-15 08:43:09, SELF, v:1, k:poo@budega, rate:100, human:monitor, guide:video_resposta, alone:7, study:100
2025-11-15 08:44:34, MOVE, v:1, k:poo@lapiseira, mode:DOWN
2025-11-15 08:44:35, MOVE, v:1, k:poo@lapiseira, mode:PICK
2025-11-15 08:44:36, EXEC, v:1, k:poo@lapiseira, mode:FULL, rate:0, size:0
2025-11-15 08:46:14, EXEC, v:1, k:poo@lapiseira, mode:FULL, rate:0, size:98
2025-11-15 08:46:55, EXEC, v:1, k:poo@lapiseira, mode:FULL, rate:0, size:99
2025-11-15 08:46:56, EXEC, v:1, k:poo@lapiseira, mode:FULL, rate:0
2025-11-15 09:05:50, EXEC, v:1, k:poo@lapiseira, mode:FULL, rate:0, size:51
2025-11-15 09:05:58, EXEC, v:1, k:poo@lapiseira, mode:FULL, rate:0, size:51
2025-11-15 09:05:58, EXEC, v:1, k:poo@lapiseira, mode:FULL, rate:0, size:51
2025-11-15 09:05:59, EXEC, v:1, k:poo@lapiseira, mode:FULL, rate:0, size:51
2025-11-15 09:06:04, EXEC, v:1, k:poo@lapiseira, mode:FULL, rate:0
2025-11-15 09:06:27, EXEC, v:1, k:poo@lapiseira, mode:FULL, rate:7, size:52
2025-11-15 09:06:58, EXEC, v:1, k:poo@lapiseira, mode:FULL, rate:14, size:52
2025-11-15 09:08:24, EXEC, v:1, k:poo@lapiseira, mode:FULL, rate:14, size:55
2025-11-15 09:08:40, EXEC, v:1, k:poo@lapiseira, mode:FULL, rate:14, size:55
2025-11-15 09:10:07, EXEC, v:1, k:poo@lapiseira, mode:FULL, rate:14, size:55
2025-11-15 09:10:24, EXEC, v:1, k:poo@lapiseira, mode:FULL, rate:14, size:55
2025-11-15 09:10:31, EXEC, v:1, k:poo@lapiseira, mode:FULL, rate:0, size:55
2025-11-15 09:10:32, EXEC, v:1, k:poo@lapiseira, mode:FULL, rate:14, size:55
2025-11-15 09:12:09, EXEC, v:1, k:poo@lapiseira, mode:FULL, rate:14
2025-11-15 09:12:38, EXEC, v:1, k:poo@lapiseira, mode:FULL, rate:0, size:59
2025-11-15 09:12:38, EXEC, v:1, k:poo@lapiseira, mode:FULL, rate:0
2025-11-15 09:12:44, EXEC, v:1, k:poo@lapiseira, mode:FULL, rate:0
2025-11-15 09:12:44, EXEC, v:1, k:poo@lapiseira, mode:FULL, rate:0, size:59
2025-11-15 09:12:45, EXEC, v:1, k:poo@lapiseira, mode:FULL, rate:0
2025-11-15 09:12:59, EXEC, v:1, k:poo@lapiseira, mode:FULL, rate:7, size:59
2025-11-15 09:13:39, EXEC, v:1, k:poo@lapiseira, mode:FULL, rate:14, size:55
2025-11-15 09:15:58, EXEC, v:1, k:poo@lapiseira, mode:FULL, rate:14, size:61
2025-11-15 09:17:13, EXEC, v:1, k:poo@lapiseira, mode:FULL, rate:14, size:63
2025-11-15 09:17:22, EXEC, v:1, k:poo@lapiseira, mode:FULL, rate:14, size:63
2025-11-15 09:17:42, EXEC, v:1, k:poo@lapiseira, mode:FULL, rate:0
2025-11-15 09:18:16, MOVE, v:1, k:poo@lapiseira, mode:BACK
2025-11-15 15:32:46, MOVE, v:1, k:poo@lapiseira, mode:PICK
2025-11-15 15:32:47, EXEC, v:1, k:poo@lapiseira, mode:FULL, rate:14, size:64
2025-11-15 15:33:33, EXEC, v:1, k:poo@lapiseira, mode:FULL, rate:14, size:63
2025-11-15 15:33:50, EXEC, v:1, k:poo@lapiseira, mode:FULL, rate:14, size:63
2025-11-15 15:34:08, EXEC, v:1, k:poo@lapiseira, mode:FULL, rate:14, size:63
2025-11-15 15:34:22, MOVE, v:1, k:poo@lapiseira, mode:BACK
2025-11-15 15:34:24, MOVE, v:1, k:poo@lapiseira, mode:PICK
2025-11-15 15:34:25, EXEC, v:1, k:poo@lapiseira, mode:FULL, rate:7
2025-11-15 15:35:29, EXEC, v:1, k:poo@lapiseira, mode:FULL, rate:7, size:63
2025-11-15 15:35:34, EXEC, v:1, k:poo@lapiseira, mode:FULL, rate:7
2025-11-15 15:35:46, EXEC, v:1, k:poo@lapiseira, mode:FULL, rate:7, size:63
2025-11-15 15:36:02, EXEC, v:1, k:poo@lapiseira, mode:FULL, rate:7, size:63
2025-11-15 15:36:08, EXEC, v:1, k:poo@lapiseira, mode:FULL, rate:14, size:62
2025-11-15 15:39:38, EXEC, v:1, k:poo@lapiseira, mode:FULL, rate:14, size:63
2025-11-15 15:39:48, EXEC, v:1, k:poo@lapiseira, mode:FULL, rate:14, size:63
2025-11-15 15:41:34, EXEC, v:1, k:poo@lapiseira, mode:FULL, rate:7, size:62
2025-11-15 15:41:34, EXEC, v:1, k:poo@lapiseira, mode:FULL, rate:7, size:62
2025-11-15 15:41:53, EXEC, v:1, k:poo@lapiseira, mode:FULL, rate:14, size:62
2025-11-15 15:42:40, EXEC, v:1, k:poo@lapiseira, mode:FULL, rate:0, size:62
2025-11-15 15:42:41, EXEC, v:1, k:poo@lapiseira, mode:FULL, rate:14, size:62
2025-11-15 15:42:59, EXEC, v:1, k:poo@lapiseira, mode:FULL, rate:14, size:61
2025-11-15 15:43:03, EXEC, v:1, k:poo@lapiseira, mode:FULL, rate:14
2025-11-15 15:43:36, EXEC, v:1, k:poo@lapiseira, mode:FULL, rate:14, size:63
2025-11-15 15:43:38, EXEC, v:1, k:poo@lapiseira, mode:FULL, rate:7
2025-11-15 15:43:45, EXEC, v:1, k:poo@lapiseira, mode:FREE
2025-11-15 15:44:39, EXEC, v:1, k:poo@lapiseira, mode:FULL, rate:7, size:63
2025-11-15 15:44:39, EXEC, v:1, k:poo@lapiseira, mode:FULL, rate:7
2025-11-15 15:44:42, EXEC, v:1, k:poo@lapiseira, mode:FULL, rate:7
2025-11-15 15:44:53, EXEC, v:1, k:poo@lapiseira, mode:FULL, rate:7, size:63
2025-11-15 15:44:54, EXEC, v:1, k:poo@lapiseira, mode:FULL, rate:7
2025-11-15 15:45:01, EXEC, v:1, k:poo@lapiseira, mode:FULL, rate:21, size:63
2025-11-15 15:45:35, EXEC, v:1, k:poo@lapiseira, mode:FULL, rate:7, size:63
2025-11-15 15:47:11, EXEC, v:1, k:poo@lapiseira, mode:FULL, rate:7, size:65
2025-11-15 15:47:16, EXEC, v:1, k:poo@lapiseira, mode:FULL, rate:7
2025-11-15 15:49:13, EXEC, v:1, k:poo@lapiseira, mode:FULL, rate:7, size:65
2025-11-15 15:49:15, EXEC, v:1, k:poo@lapiseira, mode:FULL, rate:7
2025-11-15 15:49:27, EXEC, v:1, k:poo@lapiseira, mode:FULL, rate:21, size:65
2025-11-15 15:49:51, EXEC, v:1, k:poo@lapiseira, mode:FULL, rate:14, size:65
2025-11-15 15:49:57, EXEC, v:1, k:poo@lapiseira, mode:FULL, rate:14
2025-11-15 15:50:01, EXEC, v:1, k:poo@lapiseira, mode:FULL, rate:14
2025-11-15 15:50:09, EXEC, v:1, k:poo@lapiseira, mode:FULL, rate:21, size:65
2025-11-15 15:50:40, EXEC, v:1, k:poo@lapiseira, mode:FULL, rate:21, size:65
2025-11-15 15:50:57, EXEC, v:1, k:poo@lapiseira, mode:FULL, rate:21
2025-11-15 15:51:01, EXEC, v:1, k:poo@lapiseira, mode:FULL, rate:21
2025-11-15 15:51:21, EXEC, v:1, k:poo@lapiseira, mode:FULL, rate:7, size:65
2025-11-15 15:51:35, EXEC, v:1, k:poo@lapiseira, mode:FULL, rate:7, size:65
2025-11-15 15:52:31, EXEC, v:1, k:poo@lapiseira, mode:FULL, rate:7, size:65
2025-11-15 15:52:57, EXEC, v:1, k:poo@lapiseira, mode:FULL, rate:7, size:65
2025-11-15 15:53:01, EXEC, v:1, k:poo@lapiseira, mode:FULL, rate:7
2025-11-15 15:53:22, MOVE, v:1, k:poo@lapiseira, mode:BACK
2025-11-15 15:53:23, MOVE, v:1, k:poo@lapiseira, mode:PICK
2025-11-15 15:53:24, EXEC, v:1, k:poo@lapiseira, mode:FULL, rate:7
2025-11-15 15:53:50, EXEC, v:1, k:poo@lapiseira, mode:FULL, rate:7, size:65
2025-11-15 15:53:52, EXEC, v:1, k:poo@lapiseira, mode:FULL, rate:7
2025-11-15 15:53:54, EXEC, v:1, k:poo@lapiseira, mode:FULL, rate:7
2025-11-15 15:54:02, EXEC, v:1, k:poo@lapiseira, mode:FULL, rate:7, size:65
2025-11-15 15:54:03, EXEC, v:1, k:poo@lapiseira, mode:FULL, rate:7, size:65
2025-11-15 15:54:22, EXEC, v:1, k:poo@lapiseira, mode:FULL, rate:0, size:65
2025-11-15 15:54:23, EXEC, v:1, k:poo@lapiseira, mode:FULL, rate:7, size:65
2025-11-15 15:54:36, EXEC, v:1, k:poo@lapiseira, mode:FULL, rate:28, size:65
2025-11-15 15:56:01, EXEC, v:1, k:poo@lapiseira, mode:FULL, rate:0, size:67
2025-11-15 15:56:01, EXEC, v:1, k:poo@lapiseira, mode:FULL, rate:0
2025-11-15 15:56:16, EXEC, v:1, k:poo@lapiseira, mode:FULL, rate:28, size:65
2025-11-15 15:57:48, EXEC, v:1, k:poo@lapiseira, mode:FULL, rate:21, size:65
2025-11-15 15:58:25, EXEC, v:1, k:poo@lapiseira, mode:FULL, rate:7, size:65
2025-11-15 15:58:28, EXEC, v:1, k:poo@lapiseira, mode:FULL, rate:7
2025-11-15 15:58:32, EXEC, v:1, k:poo@lapiseira, mode:FULL, rate:14, size:65
2025-11-15 15:58:39, EXEC, v:1, k:poo@lapiseira, mode:FULL, rate:21, size:65
2025-11-15 15:59:54, EXEC, v:1, k:poo@lapiseira, mode:FULL, rate:14, size:65
2025-11-15 15:59:57, EXEC, v:1, k:poo@lapiseira, mode:FULL, rate:14
2025-11-15 16:00:05, EXEC, v:1, k:poo@lapiseira, mode:FULL, rate:14, size:65
2025-11-15 16:00:08, EXEC, v:1, k:poo@lapiseira, mode:FULL, rate:14
2025-11-15 16:00:26, EXEC, v:1, k:poo@lapiseira, mode:FULL, rate:14
2025-11-15 16:00:30, EXEC, v:1, k:poo@lapiseira, mode:FULL, rate:14, size:65
2025-11-15 16:00:31, EXEC, v:1, k:poo@lapiseira, mode:FULL, rate:14
2025-11-15 16:01:29, EXEC, v:1, k:poo@lapiseira, mode:FULL, rate:14
2025-11-15 16:01:30, EXEC, v:1, k:poo@lapiseira, mode:FULL, rate:28, size:65
2025-11-15 16:03:01, EXEC, v:1, k:poo@lapiseira, mode:FULL, rate:7, size:65
2025-11-15 16:03:02, EXEC, v:1, k:poo@lapiseira, mode:FULL, rate:0
2025-11-15 16:03:07, EXEC, v:1, k:poo@lapiseira, mode:FULL, rate:28, size:65
2025-11-15 16:04:37, EXEC, v:1, k:poo@lapiseira, mode:FULL, rate:0, size:67
2025-11-15 16:04:37, EXEC, v:1, k:poo@lapiseira, mode:FULL, rate:0, size:67
2025-11-15 16:04:46, EXEC, v:1, k:poo@lapiseira, mode:FULL, rate:0, size:66
2025-11-15 16:04:47, EXEC, v:1, k:poo@lapiseira, mode:FULL, rate:0
2025-11-15 16:04:53, EXEC, v:1, k:poo@lapiseira, mode:FULL, rate:0
2025-11-15 16:04:54, EXEC, v:1, k:poo@lapiseira, mode:FULL, rate:0, size:66
2025-11-15 16:04:54, EXEC, v:1, k:poo@lapiseira, mode:FULL, rate:0, size:66
2025-11-15 16:04:56, EXEC, v:1, k:poo@lapiseira, mode:FULL, rate:0, size:66
2025-11-15 16:05:04, EXEC, v:1, k:poo@lapiseira, mode:FULL, rate:0
2025-11-15 16:05:05, EXEC, v:1, k:poo@lapiseira, mode:FULL, rate:0
2025-11-15 16:05:16, EXEC, v:1, k:poo@lapiseira, mode:FULL, rate:0
2025-11-15 16:06:40, EXEC, v:1, k:poo@lapiseira, mode:FULL, rate:14, size:69
2025-11-15 16:06:42, EXEC, v:1, k:poo@lapiseira, mode:FULL, rate:14
2025-11-15 16:06:58, EXEC, v:1, k:poo@lapiseira, mode:FULL, rate:14, size:68
2025-11-15 16:07:00, EXEC, v:1, k:poo@lapiseira, mode:FULL, rate:14
2025-11-15 16:07:18, EXEC, v:1, k:poo@lapiseira, mode:FULL, rate:14, size:68
2025-11-15 16:07:19, EXEC, v:1, k:poo@lapiseira, mode:FULL, rate:14
2025-11-15 16:07:23, EXEC, v:1, k:poo@lapiseira, mode:FULL, rate:14
2025-11-15 16:07:29, EXEC, v:1, k:poo@lapiseira, mode:FULL, rate:14, size:68
2025-11-15 16:07:56, EXEC, v:1, k:poo@lapiseira, mode:FULL, rate:21, size:64
2025-11-15 16:07:58, EXEC, v:1, k:poo@lapiseira, mode:FULL, rate:14
2025-11-15 16:07:59, EXEC, v:1, k:poo@lapiseira, mode:FULL, rate:14
2025-11-15 16:10:56, EXEC, v:1, k:poo@lapiseira, mode:FULL, rate:28, size:70
2025-11-15 16:11:09, EXEC, v:1, k:poo@lapiseira, mode:FULL, rate:14, size:70
2025-11-15 16:11:13, EXEC, v:1, k:poo@lapiseira, mode:FULL, rate:7
2025-11-15 16:11:21, EXEC, v:1, k:poo@lapiseira, mode:FULL, rate:7
2025-11-15 16:11:36, EXEC, v:1, k:poo@lapiseira, mode:FULL, rate:28, size:64
2025-11-15 16:13:28, EXEC, v:1, k:poo@lapiseira, mode:FULL, rate:21, size:64
2025-11-15 16:15:07, EXEC, v:1, k:poo@lapiseira, mode:FULL, rate:0, size:64
2025-11-15 16:15:08, EXEC, v:1, k:poo@lapiseira, mode:FULL, rate:0
2025-11-15 16:15:12, EXEC, v:1, k:poo@lapiseira, mode:FULL, rate:0, size:64
2025-11-15 16:15:13, EXEC, v:1, k:poo@lapiseira, mode:FULL, rate:21
2025-11-15 16:15:53, EXEC, v:1, k:poo@lapiseira, mode:FULL, rate:14, size:65
2025-11-15 16:15:54, EXEC, v:1, k:poo@lapiseira, mode:FULL, rate:21, size:65
2025-11-15 16:17:17, EXEC, v:1, k:poo@lapiseira, mode:FULL, rate:0, size:65
2025-11-15 16:17:17, EXEC, v:1, k:poo@lapiseira, mode:FULL, rate:0, size:65
2025-11-15 16:17:24, EXEC, v:1, k:poo@lapiseira, mode:FULL, rate:0, size:65
2025-11-15 16:17:39, EXEC, v:1, k:poo@lapiseira, mode:FULL, rate:7, size:65
2025-11-15 16:17:40, EXEC, v:1, k:poo@lapiseira, mode:FULL, rate:7
2025-11-15 16:17:51, EXEC, v:1, k:poo@lapiseira, mode:FULL, rate:7
2025-11-15 16:18:14, EXEC, v:1, k:poo@lapiseira, mode:FULL, rate:21, size:65
2025-11-15 16:19:07, EXEC, v:1, k:poo@lapiseira, mode:FULL, rate:0, size:65
2025-11-15 16:19:07, EXEC, v:1, k:poo@lapiseira, mode:FULL, rate:0, size:65
2025-11-15 16:19:15, EXEC, v:1, k:poo@lapiseira, mode:FULL, rate:0, size:65
2025-11-15 16:19:16, EXEC, v:1, k:poo@lapiseira, mode:FULL, rate:0
2025-11-15 16:20:58, EXEC, v:1, k:poo@lapiseira, mode:FULL, rate:7, size:64
2025-11-15 16:20:59, EXEC, v:1, k:poo@lapiseira, mode:FULL, rate:14
2025-11-15 16:21:10, EXEC, v:1, k:poo@lapiseira, mode:FULL, rate:21, size:64
2025-11-15 16:21:40, EXEC, v:1, k:poo@lapiseira, mode:FULL, rate:0, size:64
2025-11-15 16:21:53, EXEC, v:1, k:poo@lapiseira, mode:FULL, rate:21, size:64
2025-11-15 16:22:14, MOVE, v:1, k:poo@lapiseira, mode:PICK
2025-11-15 16:22:15, EXEC, v:1, k:poo@lapiseira, mode:FULL, rate:21
2025-11-15 16:23:01, EXEC, v:1, k:poo@lapiseira, mode:FULL, rate:14, size:64
2025-11-15 16:23:01, EXEC, v:1, k:poo@lapiseira, mode:FULL, rate:14, size:64
2025-11-15 16:23:18, EXEC, v:1, k:poo@lapiseira, mode:FULL, rate:7, size:63
2025-11-15 16:26:58, EXEC, v:1, k:poo@lapiseira, mode:FULL, rate:14, size:63
2025-11-15 16:27:40, EXEC, v:1, k:poo@lapiseira, mode:FULL, rate:0, size:63
2025-11-15 16:27:40, EXEC, v:1, k:poo@lapiseira, mode:FULL, rate:0, size:63
2025-11-15 16:27:47, EXEC, v:1, k:poo@lapiseira, mode:FULL, rate:0
2025-11-15 16:28:09, EXEC, v:1, k:poo@lapiseira, mode:FULL, rate:28, size:63
2025-11-15 16:28:17, EXEC, v:1, k:poo@lapiseira, mode:FULL, rate:28, size:63
2025-11-15 16:28:24, EXEC, v:1, k:poo@lapiseira, mode:FULL, rate:35, size:63
2025-11-15 16:28:57, EXEC, v:1, k:poo@lapiseira, mode:FULL, rate:35, size:62
2025-11-15 16:32:52, EXEC, v:1, k:poo@lapiseira, mode:FULL, rate:42, size:67
2025-11-15 16:36:31, EXEC, v:1, k:poo@lapiseira, mode:FULL, rate:35, size:70
2025-11-15 16:36:51, EXEC, v:1, k:poo@lapiseira, mode:FULL, rate:7, size:70
2025-11-15 16:39:04, EXEC, v:1, k:poo@lapiseira, mode:FULL, rate:7, size:71
2025-11-15 16:39:49, EXEC, v:1, k:poo@lapiseira, mode:FULL, rate:0, size:71
2025-11-15 16:39:50, EXEC, v:1, k:poo@lapiseira, mode:FULL, rate:0, size:71
2025-11-15 16:39:52, EXEC, v:1, k:poo@lapiseira, mode:FULL, rate:0
2025-11-15 16:40:13, EXEC, v:1, k:poo@lapiseira, mode:FULL, rate:7, size:71
2025-11-15 16:40:29, EXEC, v:1, k:poo@lapiseira, mode:FULL, rate:35, size:71
2025-11-15 16:40:42, EXEC, v:1, k:poo@lapiseira, mode:FULL, rate:35, size:71
2025-11-15 16:41:00, EXEC, v:1, k:poo@lapiseira, mode:FULL, rate:0, size:71
2025-11-15 16:41:00, EXEC, v:1, k:poo@lapiseira, mode:FULL, rate:0, size:71
2025-11-15 16:41:02, EXEC, v:1, k:poo@lapiseira, mode:FULL, rate:0
2025-11-15 16:41:08, EXEC, v:1, k:poo@lapiseira, mode:FULL, rate:7, size:71
2025-11-15 16:42:14, EXEC, v:1, k:poo@lapiseira, mode:FULL, rate:7, size:73
2025-11-15 16:42:44, EXEC, v:1, k:poo@lapiseira, mode:FULL, rate:0, size:73
2025-11-15 16:42:45, EXEC, v:1, k:poo@lapiseira, mode:FULL, rate:0, size:73
2025-11-15 16:42:46, EXEC, v:1, k:poo@lapiseira, mode:FULL, rate:0
2025-11-15 16:43:25, EXEC, v:1, k:poo@lapiseira, mode:FULL, rate:50, size:74
2025-11-15 16:46:01, EXEC, v:1, k:poo@lapiseira, mode:FULL, rate:50, size:81
2025-11-15 16:46:23, EXEC, v:1, k:poo@lapiseira, mode:FULL, rate:0, size:83
2025-11-15 16:46:24, EXEC, v:1, k:poo@lapiseira, mode:FULL, rate:57
2025-11-15 16:48:56, EXEC, v:1, k:poo@lapiseira, mode:FULL, rate:57, size:87
2025-11-15 16:49:59, EXEC, v:1, k:poo@lapiseira, mode:FULL, rate:71, size:90
2025-11-15 16:50:04, MOVE, v:1, k:poo@lapiseira, mode:BACK
2025-11-15 16:50:07, MOVE, v:1, k:poo@lapiseira, mode:PICK
2025-11-15 16:50:08, EXEC, v:1, k:poo@lapiseira, mode:FULL, rate:71
2025-11-15 16:50:57, EXEC, v:1, k:poo@lapiseira, mode:FULL, rate:71, size:92
2025-11-15 16:52:08, EXEC, v:1, k:poo@lapiseira, mode:FULL, rate:57, size:104
2025-11-15 16:52:35, EXEC, v:1, k:poo@lapiseira, mode:FULL, rate:57, size:104
2025-11-15 16:52:40, EXEC, v:1, k:poo@lapiseira, mode:FULL, rate:57
2025-11-15 16:55:35, EXEC, v:1, k:poo@lapiseira, mode:FULL, rate:57, size:103
2025-11-15 16:58:38, EXEC, v:1, k:poo@lapiseira, mode:FULL, rate:57, size:97
2025-11-15 16:58:47, EXEC, v:1, k:poo@lapiseira, mode:FULL, rate:71, size:97
2025-11-15 16:59:02, EXEC, v:1, k:poo@lapiseira, mode:FULL, rate:71
2025-11-15 17:00:24, EXEC, v:1, k:poo@lapiseira, mode:FULL, rate:71, size:97
2025-11-15 17:00:49, EXEC, v:1, k:poo@lapiseira, mode:FULL, rate:71, size:97
2025-11-15 17:01:53, EXEC, v:1, k:poo@lapiseira, mode:FULL, rate:7, size:99
2025-11-15 17:02:30, EXEC, v:1, k:poo@lapiseira, mode:FULL, rate:7, size:98
2025-11-15 17:02:49, EXEC, v:1, k:poo@lapiseira, mode:FULL, rate:71, size:98
2025-11-15 17:03:12, EXEC, v:1, k:poo@lapiseira, mode:FULL, rate:7, size:98
2025-11-15 17:03:12, EXEC, v:1, k:poo@lapiseira, mode:FULL, rate:7
2025-11-15 17:03:42, EXEC, v:1, k:poo@lapiseira, mode:FULL, rate:14, size:98
2025-11-15 17:03:45, EXEC, v:1, k:poo@lapiseira, mode:FULL, rate:14
2025-11-15 17:03:46, EXEC, v:1, k:poo@lapiseira, mode:FULL, rate:14
2025-11-15 17:04:11, EXEC, v:1, k:poo@lapiseira, mode:FULL, rate:14, size:98
2025-11-15 17:04:12, EXEC, v:1, k:poo@lapiseira, mode:FULL, rate:14
2025-11-15 17:04:14, EXEC, v:1, k:poo@lapiseira, mode:FREE
2025-11-15 17:06:51, EXEC, v:1, k:poo@lapiseira, mode:FULL, rate:14, size:98
2025-11-15 17:07:01, EXEC, v:1, k:poo@lapiseira, mode:FULL, rate:14, size:99
2025-11-15 17:07:07, EXEC, v:1, k:poo@lapiseira, mode:FULL, rate:7
2025-11-15 17:07:12, MOVE, v:1, k:poo@lapiseira, mode:BACK
2025-11-15 17:07:13, MOVE, v:1, k:poo@lapiseira, mode:PICK
2025-11-15 17:07:14, EXEC, v:1, k:poo@lapiseira, mode:FULL, rate:7
2025-11-15 17:07:24, EXEC, v:1, k:poo@lapiseira, mode:FULL, rate:7, size:99
2025-11-15 17:08:00, EXEC, v:1, k:poo@lapiseira, mode:FULL, rate:0, size:99
2025-11-15 17:08:01, EXEC, v:1, k:poo@lapiseira, mode:FULL, rate:7, size:99
2025-11-15 17:08:13, EXEC, v:1, k:poo@lapiseira, mode:FULL, rate:7, size:99
2025-11-15 17:08:16, EXEC, v:1, k:poo@lapiseira, mode:FULL, rate:7
2025-11-15 17:08:33, EXEC, v:1, k:poo@lapiseira, mode:FULL, rate:7, size:99
2025-11-15 17:08:51, EXEC, v:1, k:poo@lapiseira, mode:FULL, rate:0, size:99
2025-11-15 17:08:51, EXEC, v:1, k:poo@lapiseira, mode:FULL, rate:7, size:99
2025-11-15 17:08:54, EXEC, v:1, k:poo@lapiseira, mode:FULL, rate:7
2025-11-15 17:09:07, EXEC, v:1, k:poo@lapiseira, mode:FULL, rate:14, size:98
2025-11-15 17:09:20, EXEC, v:1, k:poo@lapiseira, mode:FULL, rate:78, size:98
2025-11-15 17:12:44, EXEC, v:1, k:poo@lapiseira, mode:FULL, rate:85
2025-11-15 17:15:20, EXEC, v:1, k:poo@lapiseira, mode:FULL, rate:85, size:101
2025-11-15 17:16:05, EXEC, v:1, k:poo@lapiseira, mode:FULL, rate:85
2025-11-15 17:18:47, EXEC, v:1, k:poo@lapiseira, mode:FULL, rate:71, size:110
2025-11-15 17:19:02, EXEC, v:1, k:poo@lapiseira, mode:FULL, rate:71
2025-11-15 17:19:20, EXEC, v:1, k:poo@lapiseira, mode:FULL, rate:71, size:110
2025-11-15 17:19:42, EXEC, v:1, k:poo@lapiseira, mode:FULL, rate:71, size:110
2025-11-15 17:20:20, EXEC, v:1, k:poo@lapiseira, mode:FULL, rate:71, size:110
2025-11-15 17:20:37, EXEC, v:1, k:poo@lapiseira, mode:FULL, rate:71, size:110
2025-11-15 17:20:46, EXEC, v:1, k:poo@lapiseira, mode:FULL, rate:71, size:107
2025-11-15 17:22:12, EXEC, v:1, k:poo@lapiseira, mode:FULL, rate:71, size:107
2025-11-15 17:22:27, EXEC, v:1, k:poo@lapiseira, mode:FULL, rate:71, size:107
2025-11-15 17:23:20, EXEC, v:1, k:poo@lapiseira, mode:FULL, rate:71, size:107
2025-11-15 17:23:54, EXEC, v:1, k:poo@lapiseira, mode:FULL, rate:71, size:107
2025-11-15 17:24:17, EXEC, v:1, k:poo@lapiseira, mode:FULL, rate:71, size:106
2025-11-15 17:24:35, EXEC, v:1, k:poo@lapiseira, mode:FULL, rate:71, size:106
2025-11-15 17:24:57, EXEC, v:1, k:poo@lapiseira, mode:FULL, rate:71, size:105
2025-11-15 17:25:25, EXEC, v:1, k:poo@lapiseira, mode:FULL, rate:71, size:106
2025-11-15 17:26:11, EXEC, v:1, k:poo@lapiseira, mode:FULL, rate:71, size:106
2025-11-15 17:28:02, EXEC, v:1, k:poo@lapiseira, mode:FULL, rate:0, size:108
2025-11-15 17:28:02, EXEC, v:1, k:poo@lapiseira, mode:FULL, rate:0
2025-11-15 17:28:10, EXEC, v:1, k:poo@lapiseira, mode:FULL, rate:71, size:108
2025-11-15 17:28:41, EXEC, v:1, k:poo@lapiseira, mode:FULL, rate:71, size:106
2025-11-15 17:29:25, EXEC, v:1, k:poo@lapiseira, mode:FREE
2025-11-15 17:33:30, EXEC, v:1, k:poo@lapiseira, mode:FULL, rate:71, size:106
2025-11-15 17:33:36, EXEC, v:1, k:poo@lapiseira, mode:FULL, rate:71, size:106
2025-11-15 17:34:05, EXEC, v:1, k:poo@lapiseira, mode:FULL, rate:71, size:106
2025-11-15 17:34:07, EXEC, v:1, k:poo@lapiseira, mode:FULL, rate:85
2025-11-15 17:34:35, MOVE, v:1, k:poo@lapiseira, mode:BACK
2025-11-15 17:34:49, MOVE, v:1, k:poo@lapiseira, mode:PICK
2025-11-15 17:34:50, EXEC, v:1, k:poo@lapiseira, mode:FULL, rate:85, size:106
2025-11-15 17:35:01, EXEC, v:1, k:poo@lapiseira, mode:FULL, rate:71, size:106
2025-11-15 17:35:13, EXEC, v:1, k:poo@lapiseira, mode:FULL, rate:85, size:106
2025-11-15 17:36:33, EXEC, v:1, k:poo@lapiseira, mode:FULL, rate:85, size:107
2025-11-15 17:36:42, EXEC, v:1, k:poo@lapiseira, mode:FULL, rate:71, size:107
2025-11-15 17:36:51, EXEC, v:1, k:poo@lapiseira, mode:FULL, rate:71, size:107
2025-11-15 17:37:46, EXEC, v:1, k:poo@lapiseira, mode:FULL, rate:71, size:110
2025-11-15 17:38:16, EXEC, v:1, k:poo@lapiseira, mode:FULL, rate:0, size:110
2025-11-15 17:38:18, EXEC, v:1, k:poo@lapiseira, mode:FULL, rate:71, size:110
2025-11-15 17:38:22, EXEC, v:1, k:poo@lapiseira, mode:FULL, rate:85, size:110
2025-11-15 17:38:48, EXEC, v:1, k:poo@lapiseira, mode:FULL, rate:71, size:110
2025-11-15 17:40:22, MOVE, v:1, k:poo@lapiseira, mode:BACK
