2025-11-13 13:44:44, MOVE, v:1, k:poo@budega, mode:PICK
2025-11-13 13:44:45, EXEC, v:1, k:poo@budega, mode:FULL, rate:0, size:37
2025-11-13 13:50:32, EXEC, v:1, k:poo@budega, mode:FULL, rate:0, size:37
2025-11-13 13:50:34, EXEC, v:1, k:poo@budega, mode:FULL, rate:0
2025-11-13 13:50:42, EXEC, v:1, k:poo@budega, mode:FULL, rate:0, size:37
2025-11-13 13:51:32, EXEC, v:1, k:poo@budega, mode:FULL, rate:0, size:39
2025-11-13 13:51:33, EXEC, v:1, k:poo@budega, mode:FULL, rate:0, size:39
2025-11-13 13:52:03, EXEC, v:1, k:poo@budega, mode:FULL, rate:0, size:39
2025-11-13 13:52:04, EXEC, v:1, k:poo@budega, mode:FULL, rate:0
2025-11-13 13:52:05, EXEC, v:1, k:poo@budega, mode:FULL, rate:0
2025-11-13 13:52:58, EXEC, v:1, k:poo@budega, mode:FULL, rate:0, size:40
2025-11-13 13:53:23, EXEC, v:1, k:poo@budega, mode:FULL, rate:0, size:40
2025-11-13 13:53:24, EXEC, v:1, k:poo@budega, mode:FULL, rate:0, size:40
2025-11-13 13:53:32, EXEC, v:1, k:poo@budega, mode:FULL, rate:0, size:40
2025-11-13 13:53:33, EXEC, v:1, k:poo@budega, mode:FULL, rate:0, size:40
2025-11-13 13:53:35, EXEC, v:1, k:poo@budega, mode:FULL, rate:0
2025-11-13 13:53:35, EXEC, v:1, k:poo@budega, mode:FULL, rate:0, size:40
2025-11-13 13:53:37, EXEC, v:1, k:poo@budega, mode:FULL, rate:0
2025-11-13 13:53:37, EXEC, v:1, k:poo@budega, mode:FULL, rate:0
2025-11-13 13:53:38, EXEC, v:1, k:poo@budega, mode:FULL, rate:0
2025-11-13 13:53:55, EXEC, v:1, k:poo@budega, mode:FULL, rate:0, size:39
2025-11-13 13:54:25, EXEC, v:1, k:poo@budega, mode:FULL, rate:0, size:39
2025-11-13 13:54:33, EXEC, v:1, k:poo@budega, mode:FULL, rate:0, size:39
2025-11-13 13:54:53, EXEC, v:1, k:poo@budega, mode:FULL, rate:0, size:39
2025-11-13 13:54:55, EXEC, v:1, k:poo@budega, mode:FULL, rate:0
2025-11-13 13:55:38, EXEC, v:1, k:poo@budega, mode:FULL, rate:10, size:39
2025-11-13 13:56:51, EXEC, v:1, k:poo@budega, mode:FULL, rate:10, size:41
2025-11-13 13:57:13, EXEC, v:1, k:poo@budega, mode:FULL, rate:0, size:43
2025-11-13 13:57:14, EXEC, v:1, k:poo@budega, mode:FULL, rate:10, size:43
2025-11-13 13:57:15, EXEC, v:1, k:poo@budega, mode:FULL, rate:10
2025-11-13 13:57:23, EXEC, v:1, k:poo@budega, mode:FULL, rate:10, size:43
2025-11-13 13:57:24, EXEC, v:1, k:poo@budega, mode:FULL, rate:10
2025-11-13 13:57:31, EXEC, v:1, k:poo@budega, mode:FULL, rate:10, size:43
2025-11-13 13:57:32, EXEC, v:1, k:poo@budega, mode:FULL, rate:10
2025-11-13 13:57:43, EXEC, v:1, k:poo@budega, mode:FULL, rate:10, size:43
2025-11-13 13:57:44, EXEC, v:1, k:poo@budega, mode:FULL, rate:10
2025-11-13 13:58:19, EXEC, v:1, k:poo@budega, mode:FULL, rate:10, size:43
2025-11-13 13:58:26, EXEC, v:1, k:poo@budega, mode:FULL, rate:10, size:43
2025-11-13 13:58:31, EXEC, v:1, k:poo@budega, mode:FULL, rate:10, size:43
2025-11-13 13:58:39, EXEC, v:1, k:poo@budega, mode:FULL, rate:10, size:43
2025-11-13 13:59:20, EXEC, v:1, k:poo@budega, mode:FULL, rate:10, size:43
2025-11-13 13:59:27, EXEC, v:1, k:poo@budega, mode:FULL, rate:10, size:43
2025-11-13 13:59:33, EXEC, v:1, k:poo@budega, mode:FULL, rate:0, size:43
2025-11-13 13:59:39, EXEC, v:1, k:poo@budega, mode:FULL, rate:10, size:43
2025-11-13 14:00:38, EXEC, v:1, k:poo@budega, mode:FULL, rate:10, size:43
2025-11-13 14:02:18, EXEC, v:1, k:poo@budega, mode:FULL, rate:10, size:44
2025-11-13 14:03:37, EXEC, v:1, k:poo@budega, mode:FULL, rate:10, size:44
2025-11-13 14:04:15, EXEC, v:1, k:poo@budega, mode:FULL, rate:0, size:44
2025-11-13 14:04:15, EXEC, v:1, k:poo@budega, mode:FULL, rate:10, size:44
2025-11-13 14:04:33, EXEC, v:1, k:poo@budega, mode:FULL, rate:0, size:43
2025-11-13 14:04:36, EXEC, v:1, k:poo@budega, mode:FULL, rate:10, size:43
2025-11-13 14:06:45, EXEC, v:1, k:poo@budega, mode:FULL, rate:10, size:44
2025-11-13 14:06:50, EXEC, v:1, k:poo@budega, mode:FULL, rate:0, size:44
2025-11-13 14:06:51, EXEC, v:1, k:poo@budega, mode:FULL, rate:0
2025-11-13 14:06:56, EXEC, v:1, k:poo@budega, mode:FULL, rate:10, size:44
2025-11-13 14:08:45, EXEC, v:1, k:poo@budega, mode:FULL, rate:10, size:43
2025-11-13 14:09:26, EXEC, v:1, k:poo@budega, mode:FREE
2025-11-13 14:12:59, EXEC, v:1, k:poo@budega, mode:FULL, rate:10, size:44
2025-11-13 14:13:11, EXEC, v:1, k:poo@budega, mode:FULL, rate:10, size:44
2025-11-13 14:13:37, EXEC, v:1, k:poo@budega, mode:FULL, rate:0, size:44
2025-11-13 14:13:38, EXEC, v:1, k:poo@budega, mode:FULL, rate:10
2025-11-13 14:15:36, EXEC, v:1, k:poo@budega, mode:FULL, rate:10, size:43
2025-11-13 14:17:14, EXEC, v:1, k:poo@budega, mode:FULL, rate:10, size:44
2025-11-13 14:17:50, EXEC, v:1, k:poo@budega, mode:FULL, rate:10, size:43
2025-11-13 14:17:50, EXEC, v:1, k:poo@budega, mode:FULL, rate:10, size:43
2025-11-13 14:18:03, EXEC, v:1, k:poo@budega, mode:FULL, rate:10, size:43
2025-11-13 14:19:05, EXEC, v:1, k:poo@budega, mode:FULL, rate:10, size:43
2025-11-13 14:19:12, EXEC, v:1, k:poo@budega, mode:FULL, rate:10, size:43
2025-11-13 14:19:21, EXEC, v:1, k:poo@budega, mode:FULL, rate:10, size:43
2025-11-13 14:19:22, EXEC, v:1, k:poo@budega, mode:FULL, rate:0
2025-11-13 14:19:24, EXEC, v:1, k:poo@budega, mode:FULL, rate:0
2025-11-13 14:19:36, EXEC, v:1, k:poo@budega, mode:FULL, rate:10, size:43
2025-11-13 14:19:41, EXEC, v:1, k:poo@budega, mode:FULL, rate:10
2025-11-13 14:20:02, EXEC, v:1, k:poo@budega, mode:FULL, rate:10, size:43
2025-11-13 14:20:05, EXEC, v:1, k:poo@budega, mode:FULL, rate:10
2025-11-13 14:20:50, EXEC, v:1, k:poo@budega, mode:FULL, rate:10, size:46
2025-11-13 14:20:50, EXEC, v:1, k:poo@budega, mode:FULL, rate:0, size:47
2025-11-13 14:20:52, EXEC, v:1, k:poo@budega, mode:FULL, rate:0
2025-11-13 14:21:06, EXEC, v:1, k:poo@budega, mode:FULL, rate:10, size:46
2025-11-13 14:21:13, EXEC, v:1, k:poo@budega, mode:FULL, rate:10
2025-11-13 14:21:26, EXEC, v:1, k:poo@budega, mode:FULL, rate:10, size:46
2025-11-13 14:25:04, EXEC, v:1, k:poo@budega, mode:FULL, rate:0, size:46
2025-11-13 14:26:45, EXEC, v:1, k:poo@budega, mode:FULL, rate:30, size:47
2025-11-13 14:29:57, EXEC, v:1, k:poo@budega, mode:FULL, rate:0, size:52
2025-11-13 14:29:58, EXEC, v:1, k:poo@budega, mode:FULL, rate:0
2025-11-13 14:30:02, EXEC, v:1, k:poo@budega, mode:FULL, rate:20, size:52
2025-11-13 14:30:06, EXEC, v:1, k:poo@budega, mode:FULL, rate:20
2025-11-13 14:30:31, EXEC, v:1, k:poo@budega, mode:FULL, rate:20, size:50
2025-11-13 14:30:55, EXEC, v:1, k:poo@budega, mode:FULL, rate:30, size:52
2025-11-13 14:33:12, EXEC, v:1, k:poo@budega, mode:FULL, rate:20, size:53
2025-11-13 14:35:02, EXEC, v:1, k:poo@budega, mode:FULL, rate:20, size:53
2025-11-13 14:35:05, EXEC, v:1, k:poo@budega, mode:FULL, rate:20
2025-11-13 14:35:14, EXEC, v:1, k:poo@budega, mode:FULL, rate:20, size:53
2025-11-13 14:35:35, EXEC, v:1, k:poo@budega, mode:FULL, rate:20, size:53
2025-11-13 14:35:58, EXEC, v:1, k:poo@budega, mode:FULL, rate:20, size:53
2025-11-13 14:37:03, EXEC, v:1, k:poo@budega, mode:FULL, rate:0, size:54
2025-11-13 14:37:03, EXEC, v:1, k:poo@budega, mode:FULL, rate:0, size:54
2025-11-13 14:37:11, EXEC, v:1, k:poo@budega, mode:FULL, rate:0, size:54
2025-11-13 14:39:54, EXEC, v:1, k:poo@budega, mode:FULL, rate:0, size:53
2025-11-13 14:41:58, EXEC, v:1, k:poo@budega, mode:FULL, rate:0, size:53
2025-11-13 14:41:59, EXEC, v:1, k:poo@budega, mode:FULL, rate:0
2025-11-13 14:42:19, EXEC, v:1, k:poo@budega, mode:FULL, rate:0, size:53
2025-11-13 14:42:19, EXEC, v:1, k:poo@budega, mode:FULL, rate:0, size:53
2025-11-13 14:42:26, EXEC, v:1, k:poo@budega, mode:FULL, rate:0
2025-11-13 14:43:39, EXEC, v:1, k:poo@budega, mode:FULL, rate:0, size:55
2025-11-13 14:43:48, EXEC, v:1, k:poo@budega, mode:FULL, rate:0, size:55
2025-11-13 14:43:50, EXEC, v:1, k:poo@budega, mode:FULL, rate:0, size:55
2025-11-13 14:44:00, EXEC, v:1, k:poo@budega, mode:FULL, rate:0, size:55
2025-11-13 14:45:21, EXEC, v:1, k:poo@budega, mode:FULL, rate:0, size:59
2025-11-13 14:45:45, EXEC, v:1, k:poo@budega, mode:FULL, rate:10, size:61
2025-11-13 14:45:47, EXEC, v:1, k:poo@budega, mode:FULL, rate:10
2025-11-13 14:46:59, EXEC, v:1, k:poo@budega, mode:FULL, rate:20, size:54
2025-11-13 14:47:15, EXEC, v:1, k:poo@budega, mode:FULL, rate:30, size:50
2025-11-13 14:50:44, EXEC, v:1, k:poo@budega, mode:FULL, rate:0, size:51
2025-11-13 14:50:45, EXEC, v:1, k:poo@budega, mode:FULL, rate:0, size:51
2025-11-13 14:50:46, EXEC, v:1, k:poo@budega, mode:FULL, rate:0
2025-11-13 14:50:57, EXEC, v:1, k:poo@budega, mode:FULL, rate:30, size:51
2025-11-13 14:53:32, EXEC, v:1, k:poo@budega, mode:FULL, rate:0, size:51
2025-11-13 14:53:33, EXEC, v:1, k:poo@budega, mode:FULL, rate:0
2025-11-13 14:53:37, EXEC, v:1, k:poo@budega, mode:FULL, rate:30, size:51
2025-11-13 14:54:49, EXEC, v:1, k:poo@budega, mode:FULL, rate:30, size:51
2025-11-13 14:56:14, EXEC, v:1, k:poo@budega, mode:FULL, rate:30, size:50
2025-11-13 14:56:30, EXEC, v:1, k:poo@budega, mode:FULL, rate:30, size:51
2025-11-13 14:56:53, EXEC, v:1, k:poo@budega, mode:FULL, rate:20, size:52
2025-11-13 14:57:00, EXEC, v:1, k:poo@budega, mode:FULL, rate:20
2025-11-13 14:57:06, EXEC, v:1, k:poo@budega, mode:FULL, rate:20, size:52
2025-11-13 14:57:11, EXEC, v:1, k:poo@budega, mode:FULL, rate:20
2025-11-13 14:57:15, EXEC, v:1, k:poo@budega, mode:FULL, rate:30, size:52
2025-11-13 14:58:45, EXEC, v:1, k:poo@budega, mode:FULL, rate:30
2025-11-13 14:59:03, EXEC, v:1, k:poo@budega, mode:FULL, rate:30, size:53
2025-11-13 14:59:29, EXEC, v:1, k:poo@budega, mode:FULL, rate:0, size:53
2025-11-13 14:59:30, EXEC, v:1, k:poo@budega, mode:FULL, rate:30, size:53
2025-11-13 14:59:59, EXEC, v:1, k:poo@budega, mode:FULL, rate:30, size:54
2025-11-13 15:00:09, EXEC, v:1, k:poo@budega, mode:FULL, rate:30, size:54
2025-11-13 15:00:24, EXEC, v:1, k:poo@budega, mode:FULL, rate:30, size:54
2025-11-13 15:00:38, EXEC, v:1, k:poo@budega, mode:FULL, rate:30, size:53
2025-11-13 15:00:58, EXEC, v:1, k:poo@budega, mode:FULL, rate:20, size:54
2025-11-13 15:01:01, EXEC, v:1, k:poo@budega, mode:FULL, rate:30, size:54
2025-11-13 15:01:09, EXEC, v:1, k:poo@budega, mode:FULL, rate:30, size:54
2025-11-13 15:01:13, EXEC, v:1, k:poo@budega, mode:FULL, rate:30
2025-11-13 15:01:39, EXEC, v:1, k:poo@budega, mode:FULL, rate:20, size:54
2025-11-13 15:01:42, EXEC, v:1, k:poo@budega, mode:FULL, rate:20
2025-11-13 15:01:58, EXEC, v:1, k:poo@budega, mode:FULL, rate:20, size:53
2025-11-13 15:02:05, EXEC, v:1, k:poo@budega, mode:FULL, rate:20
2025-11-13 15:02:07, EXEC, v:1, k:poo@budega, mode:FULL, rate:20, size:53
2025-11-13 15:02:24, EXEC, v:1, k:poo@budega, mode:FULL, rate:30, size:53
2025-11-13 15:02:46, EXEC, v:1, k:poo@budega, mode:FULL, rate:30, size:53
2025-11-13 15:03:07, EXEC, v:1, k:poo@budega, mode:FULL, rate:20, size:53
2025-11-13 15:03:11, EXEC, v:1, k:poo@budega, mode:FULL, rate:20, size:53
2025-11-13 15:03:18, EXEC, v:1, k:poo@budega, mode:FULL, rate:20, size:53
2025-11-13 15:04:26, EXEC, v:1, k:poo@budega, mode:FULL, rate:20, size:53
2025-11-13 15:04:30, EXEC, v:1, k:poo@budega, mode:FULL, rate:20
2025-11-13 15:05:04, EXEC, v:1, k:poo@budega, mode:FULL, rate:20, size:53
2025-11-13 15:05:20, MOVE, v:1, k:poo@budega, mode:BACK
