2025-11-06 19:30:43, MOVE, v:1, k:poo@budega, mode:DOWN
2025-11-06 19:33:14, MOVE, v:1, k:poo@array, mode:PICK
2025-11-06 19:33:15, EXEC, v:1, k:poo@array, mode:LOCK, rate:0, size:3
2025-11-06 19:33:15, EXEC, v:1, k:poo@array, mode:LOCK, rate:0, size:3
2025-11-06 19:33:36, EXEC, v:1, k:poo@array, mode:LOCK, rate:0, size:3
2025-11-06 19:33:37, EXEC, v:1, k:poo@array, mode:LOCK, rate:0, size:4
2025-11-06 19:36:43, EXEC, v:1, k:poo@array, mode:LOCK, rate:0, size:7
2025-11-06 19:37:25, EXEC, v:1, k:poo@array, mode:LOCK, rate:0, size:7
2025-11-06 19:37:25, EXEC, v:1, k:poo@array, mode:LOCK, rate:0, size:7
2025-11-06 19:37:28, EXEC, v:1, k:poo@array, mode:LOCK, rate:0, size:7
2025-11-06 19:37:29, EXEC, v:1, k:poo@array, mode:LOCK, rate:0, size:7
2025-11-06 19:39:08, EXEC, v:1, k:poo@array, mode:LOCK, rate:0, size:8
2025-11-06 19:39:16, EXEC, v:1, k:poo@array, mode:LOCK, rate:0, size:9
2025-11-06 19:39:32, EXEC, v:1, k:poo@array, mode:LOCK, rate:0, size:9
2025-11-06 19:39:46, EXEC, v:1, k:poo@array, mode:LOCK, rate:0, size:7
2025-11-06 19:39:53, EXEC, v:1, k:poo@array, mode:LOCK, rate:0, size:7
2025-11-06 19:40:47, EXEC, v:1, k:poo@array, mode:LOCK, rate:0, size:9
2025-11-06 19:40:49, EXEC, v:1, k:poo@array, mode:LOCK, rate:0
2025-11-06 19:40:56, EXEC, v:1, k:poo@array, mode:LOCK, rate:0
2025-11-06 19:40:57, EXEC, v:1, k:poo@array, mode:LOCK, rate:0, size:10
2025-11-06 19:41:07, EXEC, v:1, k:poo@array, mode:LOCK, rate:0
2025-11-06 19:41:08, EXEC, v:1, k:poo@array, mode:LOCK, rate:0, size:10
2025-11-06 19:42:48, EXEC, v:1, k:poo@array, mode:LOCK, rate:0, size:12
2025-11-06 19:42:48, EXEC, v:1, k:poo@array, mode:LOCK, rate:0, size:12
2025-11-06 19:43:02, EXEC, v:1, k:poo@array, mode:LOCK, rate:0, size:13
2025-11-06 19:43:09, EXEC, v:1, k:poo@array, mode:LOCK, rate:0
2025-11-06 19:43:10, EXEC, v:1, k:poo@array, mode:LOCK, rate:0, size:13
2025-11-06 19:43:12, EXEC, v:1, k:poo@array, mode:LOCK, rate:0
2025-11-06 19:43:17, EXEC, v:1, k:poo@array, mode:LOCK, rate:0
2025-11-06 19:43:18, EXEC, v:1, k:poo@array, mode:LOCK, rate:0, size:13
2025-11-06 19:43:24, EXEC, v:1, k:poo@array, mode:LOCK, rate:0, size:13
2025-11-06 19:43:34, EXEC, v:1, k:poo@array, mode:LOCK, rate:0, size:12
2025-11-06 19:44:37, EXEC, v:1, k:poo@array, mode:LOCK, rate:0, size:15
2025-11-06 19:44:58, EXEC, v:1, k:poo@array, mode:LOCK, rate:0, size:16
2025-11-06 19:45:03, EXEC, v:1, k:poo@array, mode:LOCK, rate:0, size:17
2025-11-06 19:45:04, EXEC, v:1, k:poo@array, mode:LOCK, rate:0, size:17
2025-11-06 19:45:14, EXEC, v:1, k:poo@array, mode:LOCK, rate:0
2025-11-06 19:45:15, EXEC, v:1, k:poo@array, mode:LOCK, rate:0, size:17
2025-11-06 19:45:29, EXEC, v:1, k:poo@array, mode:LOCK, rate:0, size:17
2025-11-06 19:48:16, EXEC, v:1, k:poo@array, mode:LOCK, rate:0, size:20
2025-11-06 19:49:19, EXEC, v:1, k:poo@array, mode:LOCK, rate:0, size:22
2025-11-06 19:49:31, EXEC, v:1, k:poo@array, mode:LOCK, rate:0, size:22
2025-11-06 19:49:32, EXEC, v:1, k:poo@array, mode:LOCK, rate:0, size:22
2025-11-06 19:49:34, EXEC, v:1, k:poo@array, mode:LOCK, rate:0
2025-11-06 19:51:19, EXEC, v:1, k:poo@array, mode:LOCK, rate:0, size:22
2025-11-06 19:51:29, EXEC, v:1, k:poo@array, mode:LOCK, rate:0, size:22
2025-11-06 19:51:44, EXEC, v:1, k:poo@array, mode:LOCK, rate:0, size:23
2025-11-06 19:51:56, EXEC, v:1, k:poo@array, mode:LOCK, rate:0, size:21
2025-11-06 19:52:07, EXEC, v:1, k:poo@array, mode:LOCK, rate:0, size:22
2025-11-06 19:52:10, EXEC, v:1, k:poo@array, mode:LOCK, rate:0, size:22
2025-11-06 19:52:13, EXEC, v:1, k:poo@array, mode:LOCK, rate:0, size:22
2025-11-06 19:52:21, EXEC, v:1, k:poo@array, mode:LOCK, rate:0
2025-11-06 19:52:22, EXEC, v:1, k:poo@array, mode:LOCK, rate:0, size:23
2025-11-06 19:52:59, EXEC, v:1, k:poo@array, mode:LOCK, rate:0, size:26
2025-11-06 19:54:26, EXEC, v:1, k:poo@array, mode:LOCK, rate:0, size:28
2025-11-06 19:54:27, EXEC, v:1, k:poo@array, mode:LOCK, rate:0, size:28
2025-11-06 19:54:55, EXEC, v:1, k:poo@array, mode:LOCK, rate:0, size:28
2025-11-06 19:54:56, EXEC, v:1, k:poo@array, mode:LOCK, rate:0, size:28
2025-11-06 19:55:02, EXEC, v:1, k:poo@array, mode:LOCK, rate:0
2025-11-06 19:55:51, EXEC, v:1, k:poo@array, mode:LOCK, rate:0, size:29
2025-11-06 19:55:52, EXEC, v:1, k:poo@array, mode:LOCK, rate:0
2025-11-06 19:56:29, EXEC, v:1, k:poo@array, mode:LOCK, rate:0, size:28
2025-11-06 19:57:56, EXEC, v:1, k:poo@array, mode:LOCK, rate:0, size:29
2025-11-06 19:57:57, EXEC, v:1, k:poo@array, mode:LOCK, rate:0, size:30
2025-11-06 19:58:04, EXEC, v:1, k:poo@array, mode:LOCK, rate:0, size:30
2025-11-06 19:58:14, EXEC, v:1, k:poo@array, mode:LOCK, rate:0, size:30
2025-11-06 19:59:16, EXEC, v:1, k:poo@array, mode:LOCK, rate:0, size:28
2025-11-06 19:59:36, EXEC, v:1, k:poo@array, mode:LOCK, rate:0, size:29
2025-11-06 19:59:48, EXEC, v:1, k:poo@array, mode:LOCK, rate:0, size:30
2025-11-06 20:01:42, EXEC, v:1, k:poo@array, mode:LOCK, rate:0, size:31
2025-11-06 20:02:00, EXEC, v:1, k:poo@array, mode:LOCK, rate:0, size:31
2025-11-06 20:02:46, EXEC, v:1, k:poo@array, mode:LOCK, rate:0, size:32
2025-11-06 20:02:55, EXEC, v:1, k:poo@array, mode:LOCK, rate:0, size:32
2025-11-06 20:02:56, EXEC, v:1, k:poo@array, mode:LOCK, rate:0
2025-11-06 20:02:56, EXEC, v:1, k:poo@array, mode:LOCK, rate:0
2025-11-06 20:03:00, EXEC, v:1, k:poo@array, mode:LOCK, rate:0
2025-11-06 20:03:01, EXEC, v:1, k:poo@array, mode:LOCK, rate:0, size:32
2025-11-06 20:03:12, EXEC, v:1, k:poo@array, mode:LOCK, rate:0, size:32
2025-11-06 20:03:15, EXEC, v:1, k:poo@array, mode:LOCK, rate:0, size:32
2025-11-06 20:05:31, EXEC, v:1, k:poo@array, mode:LOCK, rate:0, size:33
2025-11-06 20:05:32, EXEC, v:1, k:poo@array, mode:LOCK, rate:0
2025-11-06 20:05:32, EXEC, v:1, k:poo@array, mode:LOCK, rate:0
2025-11-06 20:06:12, EXEC, v:1, k:poo@array, mode:LOCK, rate:0, size:32
2025-11-06 20:07:13, EXEC, v:1, k:poo@array, mode:LOCK, rate:0, size:33
2025-11-06 20:07:15, EXEC, v:1, k:poo@array, mode:LOCK, rate:0
2025-11-06 20:07:34, EXEC, v:1, k:poo@array, mode:LOCK, rate:0, size:32
2025-11-06 20:08:05, EXEC, v:1, k:poo@array, mode:LOCK, rate:0, size:32
2025-11-06 20:08:11, EXEC, v:1, k:poo@array, mode:LOCK, rate:0, size:32
2025-11-06 20:08:13, EXEC, v:1, k:poo@array, mode:LOCK, rate:0, size:32
2025-11-06 20:11:38, EXEC, v:1, k:poo@array, mode:LOCK, rate:0, size:37
2025-11-06 20:11:41, EXEC, v:1, k:poo@array, mode:LOCK, rate:0, size:38
2025-11-06 20:11:41, EXEC, v:1, k:poo@array, mode:FREE, size:38
2025-11-06 20:15:37, EXEC, v:1, k:poo@array, mode:LOCK, rate:0, size:36
2025-11-06 20:16:06, EXEC, v:1, k:poo@array, mode:LOCK, rate:0, size:35
2025-11-06 20:16:07, EXEC, v:1, k:poo@array, mode:LOCK, rate:0, size:36
2025-11-06 20:16:18, EXEC, v:1, k:poo@array, mode:LOCK, rate:0, size:36
2025-11-06 20:16:25, EXEC, v:1, k:poo@array, mode:LOCK, rate:0, size:36
2025-11-06 20:16:29, EXEC, v:1, k:poo@array, mode:LOCK, rate:0, size:36
2025-11-06 20:16:30, EXEC, v:1, k:poo@array, mode:LOCK, rate:0
2025-11-06 20:16:34, EXEC, v:1, k:poo@array, mode:LOCK, rate:0, size:36
2025-11-06 20:16:40, EXEC, v:1, k:poo@array, mode:LOCK, rate:0, size:36
2025-11-06 20:17:23, EXEC, v:1, k:poo@array, mode:LOCK, rate:0, size:39
2025-11-06 20:17:24, EXEC, v:1, k:poo@array, mode:LOCK, rate:0, size:40
2025-11-06 20:17:29, EXEC, v:1, k:poo@array, mode:LOCK, rate:0
2025-11-06 20:17:30, EXEC, v:1, k:poo@array, mode:LOCK, rate:0, size:40
2025-11-06 20:17:40, EXEC, v:1, k:poo@array, mode:LOCK, rate:0
2025-11-06 20:17:40, EXEC, v:1, k:poo@array, mode:LOCK, rate:0, size:40
2025-11-06 20:17:46, EXEC, v:1, k:poo@array, mode:LOCK, rate:0, size:40
2025-11-06 20:19:02, EXEC, v:1, k:poo@array, mode:LOCK, rate:0, size:40
2025-11-06 20:19:02, EXEC, v:1, k:poo@array, mode:LOCK, rate:0, size:40
2025-11-06 20:19:08, EXEC, v:1, k:poo@array, mode:LOCK, rate:0, size:40
2025-11-06 20:19:13, EXEC, v:1, k:poo@array, mode:LOCK, rate:0, size:40
2025-11-06 20:19:25, EXEC, v:1, k:poo@array, mode:LOCK, rate:0, size:40
2025-11-06 20:19:45, EXEC, v:1, k:poo@array, mode:LOCK, rate:0, size:40
2025-11-06 20:19:46, EXEC, v:1, k:poo@array, mode:LOCK, rate:0
2025-11-06 20:20:12, EXEC, v:1, k:poo@array, mode:LOCK, rate:0, size:40
2025-11-06 20:20:12, EXEC, v:1, k:poo@array, mode:LOCK, rate:0, size:40
2025-11-06 20:20:23, EXEC, v:1, k:poo@array, mode:LOCK, rate:0, size:40
2025-11-06 20:20:40, MOVE, v:1, k:poo@array, mode:BACK
2025-11-06 20:20:41, MOVE, v:1, k:poo@array, mode:PICK
2025-11-06 20:20:41, MOVE, v:1, k:poo@array, mode:BACK
2025-11-06 20:21:14, MOVE, v:1, k:poo@array, mode:PICK
2025-11-06 20:21:15, EXEC, v:1, k:poo@array, mode:LOCK, rate:0
2025-11-06 20:22:46, EXEC, v:1, k:poo@array, mode:LOCK, rate:0, size:43
2025-11-06 20:22:54, EXEC, v:1, k:poo@array, mode:LOCK, rate:0
2025-11-06 20:22:54, EXEC, v:1, k:poo@array, mode:LOCK, rate:0, size:43
2025-11-06 20:23:02, EXEC, v:1, k:poo@array, mode:LOCK, rate:0, size:43
2025-11-06 20:23:03, EXEC, v:1, k:poo@array, mode:LOCK, rate:0
2025-11-06 20:23:12, EXEC, v:1, k:poo@array, mode:LOCK, rate:0, size:43
2025-11-06 20:23:47, EXEC, v:1, k:poo@array, mode:LOCK, rate:0, size:43
2025-11-06 20:25:15, MOVE, v:1, k:poo@array, mode:BACK
